<?xml version="1.0" encoding="UTF-8"?>
<!-- Generated by org.testng.reporters.JUnitReportReporter -->
<testsuite hostname="LAPTOP-HSGRKHEI" failures="0" tests="1" name="com.tests.GETrequest" time="1.314" errors="0" timestamp="30 May 2022 16:11:18 GMT" skipped="0">
  <testcase classname="com.tests.GETrequest" name="getCall" time="1.314"/>
</testsuite> <!-- com.tests.GETrequest -->
