<?xml version="1.0" encoding="UTF-8"?>
<!-- Generated by org.testng.reporters.JUnitReportReporter -->
<testsuite hostname="LAPTOP-HSGRKHEI" failures="0" tests="1" name="com.tests.POSTrequest" time="2.355" errors="0" timestamp="28 May 2022 11:49:42 GMT" skipped="0">
  <testcase classname="com.tests.POSTrequest" name="postcall4" time="2.355"/>
</testsuite> <!-- com.tests.POSTrequest -->
