<?xml version="1.0" encoding="UTF-8"?>
<!-- Generated by org.testng.reporters.JUnitReportReporter -->
<testsuite hostname="LAPTOP-HSGRKHEI" failures="0" tests="1" name="com.tests.BuilderPatternTests" time="0.013" errors="0" timestamp="31 May 2022 16:03:53 GMT" skipped="0">
  <testcase classname="com.tests.BuilderPatternTests" name="builderLombokTest" time="0.013"/>
</testsuite> <!-- com.tests.BuilderPatternTests -->
