<?xml version="1.0" encoding="UTF-8"?>
<!-- Generated by org.testng.reporters.JUnitReportReporter -->
<testsuite hostname="LAPTOP-HSGRKHEI" failures="0" tests="3" name="com.tests.PostTests" time="1.290" errors="0" timestamp="2022-06-09T22:43:54 IST" skipped="0">
  <testcase classname="com.tests.PostTests" name="postEmployeeByExternalFile" time="0.156"/>
  <system-out/>
  <testcase classname="com.tests.PostTests" name="postEmployeeByExternalFileSingleton" time="0.121"/>
  <system-out/>
  <testcase classname="com.tests.PostTests" name="postEmployee" time="1.013"/>
  <system-out/>
</testsuite> <!-- com.tests.PostTests -->
