<?xml version="1.0" encoding="UTF-8"?>
<!-- Generated by org.testng.reporters.JUnitReportReporter -->
<testsuite hostname="LAPTOP-HSGRKHEI" failures="0" tests="1" name="com.tests.DeleteRequest" time="1.409" errors="0" timestamp="29 May 2022 15:46:13 GMT" skipped="0">
  <testcase classname="com.tests.DeleteRequest" name="deleteCall" time="1.409"/>
</testsuite> <!-- com.tests.DeleteRequest -->
