<?xml version="1.0" encoding="UTF-8"?>
<!-- Generated by org.testng.reporters.JUnitReportReporter -->
<testsuite hostname="LAPTOP-HSGRKHEI" failures="0" tests="1" name="com.tests.UpdateRequest" time="3.686" errors="0" timestamp="29 May 2022 13:08:47 GMT" skipped="0">
  <testcase classname="com.tests.UpdateRequest" name="putCall" time="3.686"/>
</testsuite> <!-- com.tests.UpdateRequest -->
