<?xml version="1.0" encoding="UTF-8"?>
<!-- Generated by org.testng.reporters.JUnitReportReporter -->
<testsuite skipped="0" hostname="LAPTOP-HSGRKHEI" name="com.tests.GetTests" tests="5" failures="0" timestamp="2022-06-22T16:31:04 IST" time="21.076" errors="0">
  <testcase name="getEmployeeDetails" time="0.100" classname="com.tests.GetTests"/>
  <system-out/>
  <testcase name="getEmployeeDetails" time="14.507" classname="com.tests.GetTests"/>
  <system-out/>
  <testcase name="verifyBasicAuth" time="4.528" classname="com.tests.GetTests"/>
  <system-out/>
  <testcase name="getEmployeeDetails" time="0.060" classname="com.tests.GetTests"/>
  <system-out/>
  <testcase name="getEmployeesDetail" time="1.881" classname="com.tests.GetTests"/>
  <system-out/>
</testsuite> <!-- com.tests.GetTests -->
